<?xml version="1.0" encoding="UTF-8"?>
<!-- Generated by org.testng.reporters.JUnitXMLReporter -->
<testsuite hostname="Mona" ignored="0" name="chromeTest" tests="8" failures="0" timestamp="21 Apr 2020 16:35:55 GMT" time="107.926" errors="0">
  <testcase name="loginTest" time="6.037" classname="com.nopcommerce.testCases.TC_LoginTest_001"/>
  <testcase name="logintest" time="10.501" classname="com.nopcommerce.testCases.TC_LoginDDT_002"/>
  <testcase name="logintest" time="6.237" classname="com.nopcommerce.testCases.TC_LoginDDT_002"/>
  <testcase name="logintest" time="6.355" classname="com.nopcommerce.testCases.TC_LoginDDT_002"/>
  <testcase name="logintest" time="6.322" classname="com.nopcommerce.testCases.TC_LoginDDT_002"/>
  <testcase name="addNewCustomer" time="16.605" classname="com.nopcommerce.testCases.TC_AddCustomerTest_003"/>
  <testcase name="searchCustomerbyEmail" time="10.718" classname="com.nopcommerce.testCases.TC_SearchCustomerByEmail_004"/>
  <testcase name="searchCustomerbyName" time="10.324" classname="com.nopcommerce.testCases.TC_SearchCustomerByName_005"/>
</testsuite> <!-- chromeTest -->
