<?xml version="1.0" encoding="UTF-8"?>
<!-- Generated by org.testng.reporters.JUnitXMLReporter -->
<testsuite hostname="Mona" ignored="0" name="firefoxTest" tests="8" failures="0" timestamp="21 Apr 2020 16:35:56 GMT" time="109.763" errors="0">
  <testcase name="loginTest" time="5.329" classname="com.nopcommerce.testCases.TC_LoginTest_001"/>
  <testcase name="logintest" time="10.551" classname="com.nopcommerce.testCases.TC_LoginDDT_002"/>
  <testcase name="logintest" time="6.457" classname="com.nopcommerce.testCases.TC_LoginDDT_002"/>
  <testcase name="logintest" time="6.076" classname="com.nopcommerce.testCases.TC_LoginDDT_002"/>
  <testcase name="logintest" time="6.152" classname="com.nopcommerce.testCases.TC_LoginDDT_002"/>
  <testcase name="addNewCustomer" time="16.899" classname="com.nopcommerce.testCases.TC_AddCustomerTest_003"/>
  <testcase name="searchCustomerbyEmail" time="10.64" classname="com.nopcommerce.testCases.TC_SearchCustomerByEmail_004"/>
  <testcase name="searchCustomerbyName" time="10.454" classname="com.nopcommerce.testCases.TC_SearchCustomerByName_005"/>
</testsuite> <!-- firefoxTest -->
