<?xml version="1.0" encoding="UTF-8"?>
<!-- Generated by org.testng.reporters.JUnitXMLReporter -->
<testsuite hostname="Mona" ignored="0" name="msedgeTest" tests="8" failures="0" timestamp="21 Apr 2020 16:54:55 GMT" time="128.796" errors="0">
  <testcase name="loginTest" time="6.19" classname="com.nopcommerce.testCases.TC_LoginTest_001"/>
  <testcase name="logintest" time="11.432" classname="com.nopcommerce.testCases.TC_LoginDDT_002"/>
  <testcase name="logintest" time="6.813" classname="com.nopcommerce.testCases.TC_LoginDDT_002"/>
  <testcase name="logintest" time="6.72" classname="com.nopcommerce.testCases.TC_LoginDDT_002"/>
  <testcase name="logintest" time="6.205" classname="com.nopcommerce.testCases.TC_LoginDDT_002"/>
  <testcase name="addNewCustomer" time="14.796" classname="com.nopcommerce.testCases.TC_AddCustomerTest_003"/>
  <testcase name="searchCustomerbyEmail" time="11.561" classname="com.nopcommerce.testCases.TC_SearchCustomerByEmail_004"/>
  <testcase name="searchCustomerbyName" time="10.598" classname="com.nopcommerce.testCases.TC_SearchCustomerByName_005"/>
</testsuite> <!-- msedgeTest -->
