<?xml version="1.0" encoding="UTF-8"?>
<testng-results skipped="0" failed="0" ignored="0" total="8" passed="8">
  <reporter-output>
  </reporter-output>
  <suite name="nopcommerce" duration-ms="128796" started-at="2020-04-21T16:52:46Z" finished-at="2020-04-21T16:54:54Z">
    <groups>
    </groups>
    <test name="msedgeTest" duration-ms="128796" started-at="2020-04-21T16:52:46Z" finished-at="2020-04-21T16:54:54Z">
      <class name="com.nopcommerce.testCases.TC_LoginTest_001">
        <test-method status="PASS" signature="setUp(java.lang.String)[pri:0, instance:com.nopcommerce.testCases.TC_LoginTest_001@66d18979]" name="setUp" is-config="true" duration-ms="11933" started-at="2020-04-21T16:52:46Z" finished-at="2020-04-21T16:52:58Z">
          <params>
            <param index="0">
              <value>
                <![CDATA[edge]]>
              </value>
            </param>
          </params>
          <reporter-output>
          </reporter-output>
        </test-method> <!-- setUp -->
        <test-method status="PASS" signature="loginTest()[pri:0, instance:com.nopcommerce.testCases.TC_LoginTest_001@66d18979]" name="loginTest" duration-ms="6190" started-at="2020-04-21T16:52:58Z" finished-at="2020-04-21T16:53:04Z">
          <reporter-output>
          </reporter-output>
        </test-method> <!-- loginTest -->
        <test-method status="PASS" signature="tearDown()[pri:0, instance:com.nopcommerce.testCases.TC_LoginTest_001@66d18979]" name="tearDown" is-config="true" duration-ms="707" started-at="2020-04-21T16:53:04Z" finished-at="2020-04-21T16:53:05Z">
          <reporter-output>
          </reporter-output>
        </test-method> <!-- tearDown -->
      </class> <!-- com.nopcommerce.testCases.TC_LoginTest_001 -->
      <class name="com.nopcommerce.testCases.TC_SearchCustomerByEmail_004">
        <test-method status="PASS" signature="setUp(java.lang.String)[pri:0, instance:com.nopcommerce.testCases.TC_SearchCustomerByEmail_004@17f7cd29]" name="setUp" is-config="true" duration-ms="9442" started-at="2020-04-21T16:54:12Z" finished-at="2020-04-21T16:54:21Z">
          <params>
            <param index="0">
              <value>
                <![CDATA[edge]]>
              </value>
            </param>
          </params>
          <reporter-output>
          </reporter-output>
        </test-method> <!-- setUp -->
        <test-method status="PASS" signature="searchCustomerbyEmail()[pri:1, instance:com.nopcommerce.testCases.TC_SearchCustomerByEmail_004@17f7cd29]" name="searchCustomerbyEmail" duration-ms="11561" started-at="2020-04-21T16:54:21Z" finished-at="2020-04-21T16:54:33Z">
          <reporter-output>
          </reporter-output>
        </test-method> <!-- searchCustomerbyEmail -->
        <test-method status="PASS" signature="tearDown()[pri:0, instance:com.nopcommerce.testCases.TC_SearchCustomerByEmail_004@17f7cd29]" name="tearDown" is-config="true" duration-ms="706" started-at="2020-04-21T16:54:33Z" finished-at="2020-04-21T16:54:34Z">
          <reporter-output>
          </reporter-output>
        </test-method> <!-- tearDown -->
      </class> <!-- com.nopcommerce.testCases.TC_SearchCustomerByEmail_004 -->
      <class name="com.nopcommerce.testCases.TC_LoginDDT_002">
        <test-method status="PASS" signature="setUp(java.lang.String)[pri:0, instance:com.nopcommerce.testCases.TC_LoginDDT_002@bccb269]" name="setUp" is-config="true" duration-ms="9531" started-at="2020-04-21T16:53:05Z" finished-at="2020-04-21T16:53:14Z">
          <params>
            <param index="0">
              <value>
                <![CDATA[edge]]>
              </value>
            </param>
          </params>
          <reporter-output>
          </reporter-output>
        </test-method> <!-- setUp -->
        <test-method status="PASS" signature="logintest(java.lang.String, java.lang.String, java.lang.String)[pri:0, instance:com.nopcommerce.testCases.TC_LoginDDT_002@bccb269]" name="logintest" duration-ms="11432" started-at="2020-04-21T16:53:15Z" data-provider="LoginData" finished-at="2020-04-21T16:53:27Z">
          <params>
            <param index="0">
              <value>
                <![CDATA[admin@yourstore.com]]>
              </value>
            </param>
            <param index="1">
              <value>
                <![CDATA[admin]]>
              </value>
            </param>
            <param index="2">
              <value>
                <![CDATA[Pass]]>
              </value>
            </param>
          </params>
          <reporter-output>
          </reporter-output>
        </test-method> <!-- logintest -->
        <test-method status="PASS" signature="logintest(java.lang.String, java.lang.String, java.lang.String)[pri:0, instance:com.nopcommerce.testCases.TC_LoginDDT_002@bccb269]" name="logintest" duration-ms="6813" started-at="2020-04-21T16:53:27Z" data-provider="LoginData" finished-at="2020-04-21T16:53:33Z">
          <params>
            <param index="0">
              <value>
                <![CDATA[admin@yourstore.com]]>
              </value>
            </param>
            <param index="1">
              <value>
                <![CDATA[adm]]>
              </value>
            </param>
            <param index="2">
              <value>
                <![CDATA[Fail]]>
              </value>
            </param>
          </params>
          <reporter-output>
          </reporter-output>
        </test-method> <!-- logintest -->
        <test-method status="PASS" signature="logintest(java.lang.String, java.lang.String, java.lang.String)[pri:0, instance:com.nopcommerce.testCases.TC_LoginDDT_002@bccb269]" name="logintest" duration-ms="6720" started-at="2020-04-21T16:53:33Z" data-provider="LoginData" finished-at="2020-04-21T16:53:40Z">
          <params>
            <param index="0">
              <value>
                <![CDATA[adm@yourstore.com]]>
              </value>
            </param>
            <param index="1">
              <value>
                <![CDATA[admin]]>
              </value>
            </param>
            <param index="2">
              <value>
                <![CDATA[Fail]]>
              </value>
            </param>
          </params>
          <reporter-output>
          </reporter-output>
        </test-method> <!-- logintest -->
        <test-method status="PASS" signature="logintest(java.lang.String, java.lang.String, java.lang.String)[pri:0, instance:com.nopcommerce.testCases.TC_LoginDDT_002@bccb269]" name="logintest" duration-ms="6205" started-at="2020-04-21T16:53:40Z" data-provider="LoginData" finished-at="2020-04-21T16:53:46Z">
          <params>
            <param index="0">
              <value>
                <![CDATA[adm@yourstore.com]]>
              </value>
            </param>
            <param index="1">
              <value>
                <![CDATA[adm]]>
              </value>
            </param>
            <param index="2">
              <value>
                <![CDATA[Fail]]>
              </value>
            </param>
          </params>
          <reporter-output>
          </reporter-output>
        </test-method> <!-- logintest -->
        <test-method status="PASS" signature="tearDown()[pri:0, instance:com.nopcommerce.testCases.TC_LoginDDT_002@bccb269]" name="tearDown" is-config="true" duration-ms="808" started-at="2020-04-21T16:53:46Z" finished-at="2020-04-21T16:53:47Z">
          <reporter-output>
          </reporter-output>
        </test-method> <!-- tearDown -->
      </class> <!-- com.nopcommerce.testCases.TC_LoginDDT_002 -->
      <class name="com.nopcommerce.testCases.TC_SearchCustomerByName_005">
        <test-method status="PASS" signature="setUp(java.lang.String)[pri:0, instance:com.nopcommerce.testCases.TC_SearchCustomerByName_005@7d8704ef]" name="setUp" is-config="true" duration-ms="9425" started-at="2020-04-21T16:54:34Z" finished-at="2020-04-21T16:54:43Z">
          <params>
            <param index="0">
              <value>
                <![CDATA[edge]]>
              </value>
            </param>
          </params>
          <reporter-output>
          </reporter-output>
        </test-method> <!-- setUp -->
        <test-method status="PASS" signature="searchCustomerbyName()[pri:1, instance:com.nopcommerce.testCases.TC_SearchCustomerByName_005@7d8704ef]" name="searchCustomerbyName" duration-ms="10598" started-at="2020-04-21T16:54:43Z" finished-at="2020-04-21T16:54:54Z">
          <reporter-output>
          </reporter-output>
        </test-method> <!-- searchCustomerbyName -->
        <test-method status="PASS" signature="tearDown()[pri:0, instance:com.nopcommerce.testCases.TC_SearchCustomerByName_005@7d8704ef]" name="tearDown" is-config="true" duration-ms="707" started-at="2020-04-21T16:54:54Z" finished-at="2020-04-21T16:54:54Z">
          <reporter-output>
          </reporter-output>
        </test-method> <!-- tearDown -->
      </class> <!-- com.nopcommerce.testCases.TC_SearchCustomerByName_005 -->
      <class name="com.nopcommerce.testCases.TC_AddCustomerTest_003">
        <test-method status="PASS" signature="setUp(java.lang.String)[pri:0, instance:com.nopcommerce.testCases.TC_AddCustomerTest_003@609cd4d8]" name="setUp" is-config="true" duration-ms="9441" started-at="2020-04-21T16:53:47Z" finished-at="2020-04-21T16:53:57Z">
          <params>
            <param index="0">
              <value>
                <![CDATA[edge]]>
              </value>
            </param>
          </params>
          <reporter-output>
          </reporter-output>
        </test-method> <!-- setUp -->
        <test-method status="PASS" signature="addNewCustomer()[pri:0, instance:com.nopcommerce.testCases.TC_AddCustomerTest_003@609cd4d8]" name="addNewCustomer" duration-ms="14796" started-at="2020-04-21T16:53:57Z" finished-at="2020-04-21T16:54:11Z">
          <reporter-output>
          </reporter-output>
        </test-method> <!-- addNewCustomer -->
        <test-method status="PASS" signature="tearDown()[pri:0, instance:com.nopcommerce.testCases.TC_AddCustomerTest_003@609cd4d8]" name="tearDown" is-config="true" duration-ms="699" started-at="2020-04-21T16:54:11Z" finished-at="2020-04-21T16:54:12Z">
          <reporter-output>
          </reporter-output>
        </test-method> <!-- tearDown -->
      </class> <!-- com.nopcommerce.testCases.TC_AddCustomerTest_003 -->
    </test> <!-- msedgeTest -->
  </suite> <!-- nopcommerce -->
</testng-results>
